{"C:\\devcodes\\upskilling\\spicytodoapp\\frontend\\src\\App.js": {"path":"C:\\devcodes\\upskilling\\spicytodoapp\\frontend\\src\\App.js","statementMap":{"0":{"start":{"line":10,"column":28},"end":{"line":10,"column":40}},"1":{"start":{"line":11,"column":30},"end":{"line":11,"column":45}},"2":{"start":{"line":12,"column":38},"end":{"line":12,"column":50}},"3":{"start":{"line":13,"column":32},"end":{"line":13,"column":47}},"4":{"start":{"line":14,"column":28},"end":{"line":14,"column":42}},"5":{"start":{"line":17,"column":2},"end":{"line":19,"column":9}},"6":{"start":{"line":18,"column":4},"end":{"line":18,"column":16}},"7":{"start":{"line":22,"column":2},"end":{"line":24,"column":27}},"8":{"start":{"line":23,"column":4},"end":{"line":23,"column":16}},"9":{"start":{"line":26,"column":20},"end":{"line":38,"column":3}},"10":{"start":{"line":27,"column":4},"end":{"line":37,"column":5}},"11":{"start":{"line":28,"column":6},"end":{"line":28,"column":23}},"12":{"start":{"line":29,"column":6},"end":{"line":29,"column":21}},"13":{"start":{"line":30,"column":19},"end":{"line":30,"column":64}},"14":{"start":{"line":31,"column":6},"end":{"line":31,"column":21}},"15":{"start":{"line":33,"column":6},"end":{"line":33,"column":76}},"16":{"start":{"line":34,"column":6},"end":{"line":34,"column":49}},"17":{"start":{"line":36,"column":6},"end":{"line":36,"column":24}},"18":{"start":{"line":41,"column":18},"end":{"line":53,"column":3}},"19":{"start":{"line":42,"column":4},"end":{"line":52,"column":5}},"20":{"start":{"line":43,"column":6},"end":{"line":43,"column":23}},"21":{"start":{"line":44,"column":6},"end":{"line":44,"column":21}},"22":{"start":{"line":45,"column":22},"end":{"line":45,"column":69}},"23":{"start":{"line":46,"column":6},"end":{"line":46,"column":36}},"24":{"start":{"line":48,"column":6},"end":{"line":48,"column":40}},"25":{"start":{"line":49,"column":6},"end":{"line":49,"column":49}},"26":{"start":{"line":51,"column":6},"end":{"line":51,"column":24}},"27":{"start":{"line":55,"column":21},"end":{"line":69,"column":3}},"28":{"start":{"line":56,"column":4},"end":{"line":68,"column":5}},"29":{"start":{"line":57,"column":6},"end":{"line":57,"column":23}},"30":{"start":{"line":58,"column":6},"end":{"line":58,"column":21}},"31":{"start":{"line":59,"column":26},"end":{"line":59,"column":66}},"32":{"start":{"line":60,"column":6},"end":{"line":62,"column":9}},"33":{"start":{"line":61,"column":8},"end":{"line":61,"column":43}},"34":{"start":{"line":64,"column":6},"end":{"line":64,"column":40}},"35":{"start":{"line":65,"column":6},"end":{"line":65,"column":49}},"36":{"start":{"line":67,"column":6},"end":{"line":67,"column":24}},"37":{"start":{"line":71,"column":21},"end":{"line":83,"column":3}},"38":{"start":{"line":72,"column":4},"end":{"line":82,"column":5}},"39":{"start":{"line":73,"column":6},"end":{"line":73,"column":23}},"40":{"start":{"line":74,"column":6},"end":{"line":74,"column":21}},"41":{"start":{"line":75,"column":6},"end":{"line":75,"column":38}},"42":{"start":{"line":76,"column":6},"end":{"line":76,"column":53}},"43":{"start":{"line":76,"column":36},"end":{"line":76,"column":50}},"44":{"start":{"line":78,"column":6},"end":{"line":78,"column":40}},"45":{"start":{"line":79,"column":6},"end":{"line":79,"column":49}},"46":{"start":{"line":81,"column":6},"end":{"line":81,"column":24}},"47":{"start":{"line":85,"column":21},"end":{"line":99,"column":3}},"48":{"start":{"line":86,"column":4},"end":{"line":98,"column":5}},"49":{"start":{"line":87,"column":6},"end":{"line":87,"column":23}},"50":{"start":{"line":88,"column":6},"end":{"line":88,"column":21}},"51":{"start":{"line":89,"column":26},"end":{"line":89,"column":57}},"52":{"start":{"line":90,"column":6},"end":{"line":92,"column":9}},"53":{"start":{"line":91,"column":8},"end":{"line":91,"column":43}},"54":{"start":{"line":94,"column":6},"end":{"line":94,"column":40}},"55":{"start":{"line":95,"column":6},"end":{"line":95,"column":49}},"56":{"start":{"line":97,"column":6},"end":{"line":97,"column":24}},"57":{"start":{"line":101,"column":25},"end":{"line":113,"column":3}},"58":{"start":{"line":102,"column":4},"end":{"line":112,"column":5}},"59":{"start":{"line":103,"column":6},"end":{"line":103,"column":23}},"60":{"start":{"line":104,"column":6},"end":{"line":104,"column":21}},"61":{"start":{"line":105,"column":6},"end":{"line":105,"column":45}},"62":{"start":{"line":106,"column":6},"end":{"line":106,"column":54}},"63":{"start":{"line":106,"column":36},"end":{"line":106,"column":51}},"64":{"start":{"line":108,"column":6},"end":{"line":108,"column":50}},"65":{"start":{"line":109,"column":6},"end":{"line":109,"column":60}},"66":{"start":{"line":111,"column":6},"end":{"line":111,"column":24}},"67":{"start":{"line":115,"column":2},"end":{"line":159,"column":4}},"68":{"start":{"line":143,"column":49},"end":{"line":143,"column":63}}},"fnMap":{"0":{"name":"App","decl":{"start":{"line":9,"column":9},"end":{"line":9,"column":12}},"loc":{"start":{"line":9,"column":15},"end":{"line":160,"column":1}},"line":9},"1":{"name":"(anonymous_1)","decl":{"start":{"line":17,"column":12},"end":{"line":17,"column":13}},"loc":{"start":{"line":17,"column":18},"end":{"line":19,"column":3}},"line":17},"2":{"name":"(anonymous_2)","decl":{"start":{"line":22,"column":12},"end":{"line":22,"column":13}},"loc":{"start":{"line":22,"column":18},"end":{"line":24,"column":3}},"line":22},"3":{"name":"(anonymous_3)","decl":{"start":{"line":26,"column":20},"end":{"line":26,"column":21}},"loc":{"start":{"line":26,"column":32},"end":{"line":38,"column":3}},"line":26},"4":{"name":"(anonymous_4)","decl":{"start":{"line":41,"column":18},"end":{"line":41,"column":19}},"loc":{"start":{"line":41,"column":55},"end":{"line":53,"column":3}},"line":41},"5":{"name":"(anonymous_5)","decl":{"start":{"line":55,"column":21},"end":{"line":55,"column":22}},"loc":{"start":{"line":55,"column":44},"end":{"line":69,"column":3}},"line":55},"6":{"name":"(anonymous_6)","decl":{"start":{"line":60,"column":25},"end":{"line":60,"column":26}},"loc":{"start":{"line":61,"column":8},"end":{"line":61,"column":43}},"line":61},"7":{"name":"(anonymous_7)","decl":{"start":{"line":71,"column":21},"end":{"line":71,"column":22}},"loc":{"start":{"line":71,"column":35},"end":{"line":83,"column":3}},"line":71},"8":{"name":"(anonymous_8)","decl":{"start":{"line":76,"column":28},"end":{"line":76,"column":29}},"loc":{"start":{"line":76,"column":36},"end":{"line":76,"column":50}},"line":76},"9":{"name":"(anonymous_9)","decl":{"start":{"line":85,"column":21},"end":{"line":85,"column":22}},"loc":{"start":{"line":85,"column":35},"end":{"line":99,"column":3}},"line":85},"10":{"name":"(anonymous_10)","decl":{"start":{"line":90,"column":25},"end":{"line":90,"column":26}},"loc":{"start":{"line":91,"column":8},"end":{"line":91,"column":43}},"line":91},"11":{"name":"(anonymous_11)","decl":{"start":{"line":101,"column":25},"end":{"line":101,"column":26}},"loc":{"start":{"line":101,"column":37},"end":{"line":113,"column":3}},"line":101},"12":{"name":"(anonymous_12)","decl":{"start":{"line":106,"column":28},"end":{"line":106,"column":29}},"loc":{"start":{"line":106,"column":36},"end":{"line":106,"column":51}},"line":106},"13":{"name":"(anonymous_13)","decl":{"start":{"line":143,"column":41},"end":{"line":143,"column":42}},"loc":{"start":{"line":143,"column":49},"end":{"line":143,"column":63}},"line":143}},"branchMap":{"0":{"loc":{"start":{"line":41,"column":31},"end":{"line":41,"column":50}},"type":"default-arg","locations":[{"start":{"line":41,"column":42},"end":{"line":41,"column":50}}],"line":41},"1":{"loc":{"start":{"line":61,"column":8},"end":{"line":61,"column":43}},"type":"cond-expr","locations":[{"start":{"line":61,"column":25},"end":{"line":61,"column":36}},{"start":{"line":61,"column":39},"end":{"line":61,"column":43}}],"line":61},"2":{"loc":{"start":{"line":91,"column":8},"end":{"line":91,"column":43}},"type":"cond-expr","locations":[{"start":{"line":91,"column":25},"end":{"line":91,"column":36}},{"start":{"line":91,"column":39},"end":{"line":91,"column":43}}],"line":91},"3":{"loc":{"start":{"line":126,"column":11},"end":{"line":133,"column":11}},"type":"binary-expr","locations":[{"start":{"line":126,"column":11},"end":{"line":126,"column":16}},{"start":{"line":127,"column":12},"end":{"line":132,"column":18}}],"line":126}},"s":{"0":0,"1":0,"2":0,"3":0,"4":0,"5":0,"6":0,"7":0,"8":0,"9":0,"10":0,"11":0,"12":0,"13":0,"14":0,"15":0,"16":0,"17":0,"18":0,"19":0,"20":0,"21":0,"22":0,"23":0,"24":0,"25":0,"26":0,"27":0,"28":0,"29":0,"30":0,"31":0,"32":0,"33":0,"34":0,"35":0,"36":0,"37":0,"38":0,"39":0,"40":0,"41":0,"42":0,"43":0,"44":0,"45":0,"46":0,"47":0,"48":0,"49":0,"50":0,"51":0,"52":0,"53":0,"54":0,"55":0,"56":0,"57":0,"58":0,"59":0,"60":0,"61":0,"62":0,"63":0,"64":0,"65":0,"66":0,"67":0,"68":0},"f":{"0":0,"1":0,"2":0,"3":0,"4":0,"5":0,"6":0,"7":0,"8":0,"9":0,"10":0,"11":0,"12":0,"13":0},"b":{"0":[0],"1":[0,0],"2":[0,0],"3":[0,0]}}
,"C:\\devcodes\\upskilling\\spicytodoapp\\frontend\\src\\index.js": {"path":"C:\\devcodes\\upskilling\\spicytodoapp\\frontend\\src\\index.js","statementMap":{"0":{"start":{"line":6,"column":13},"end":{"line":6,"column":65}},"1":{"start":{"line":7,"column":0},"end":{"line":11,"column":2}}},"fnMap":{},"branchMap":{},"s":{"0":0,"1":0},"f":{},"b":{}}
,"C:\\devcodes\\upskilling\\spicytodoapp\\frontend\\src\\test-utils.js": {"path":"C:\\devcodes\\upskilling\\spicytodoapp\\frontend\\src\\test-utils.js","statementMap":{"0":{"start":{"line":7,"column":30},"end":{"line":17,"column":1}},"1":{"start":{"line":20,"column":25},"end":{"line":45,"column":1}},"2":{"start":{"line":48,"column":35},"end":{"line":54,"column":1}},"3":{"start":{"line":49,"column":18},"end":{"line":51,"column":3}},"4":{"start":{"line":50,"column":4},"end":{"line":50,"column":33}},"5":{"start":{"line":53,"column":2},"end":{"line":53,"column":60}},"6":{"start":{"line":57,"column":28},"end":{"line":57,"column":95}},"7":{"start":{"line":57,"column":34},"end":{"line":57,"column":95}},"8":{"start":{"line":57,"column":48},"end":{"line":57,"column":94}},"9":{"start":{"line":57,"column":71},"end":{"line":57,"column":93}},"10":{"start":{"line":60,"column":20},"end":{"line":60,"column":37}},"11":{"start":{"line":63,"column":25},"end":{"line":70,"column":1}},"12":{"start":{"line":64,"column":2},"end":{"line":69,"column":4}},"13":{"start":{"line":65,"column":4},"end":{"line":68,"column":6}},"14":{"start":{"line":67,"column":18},"end":{"line":67,"column":43}},"15":{"start":{"line":73,"column":30},"end":{"line":75,"column":1}},"16":{"start":{"line":74,"column":2},"end":{"line":74,"column":65}},"17":{"start":{"line":74,"column":31},"end":{"line":74,"column":63}},"18":{"start":{"line":78,"column":26},"end":{"line":81,"column":1}},"19":{"start":{"line":79,"column":2},"end":{"line":79,"column":23}},"20":{"start":{"line":80,"column":2},"end":{"line":80,"column":66}},"21":{"start":{"line":80,"column":48},"end":{"line":80,"column":64}},"22":{"start":{"line":84,"column":30},"end":{"line":92,"column":2}},"23":{"start":{"line":84,"column":51},"end":{"line":92,"column":1}},"24":{"start":{"line":95,"column":32},"end":{"line":97,"column":1}},"25":{"start":{"line":96,"column":2},"end":{"line":96,"column":57}},"26":{"start":{"line":96,"column":32},"end":{"line":96,"column":55}}},"fnMap":{"0":{"name":"(anonymous_0)","decl":{"start":{"line":48,"column":35},"end":{"line":48,"column":36}},"loc":{"start":{"line":48,"column":70},"end":{"line":54,"column":1}},"line":48},"1":{"name":"(anonymous_1)","decl":{"start":{"line":49,"column":18},"end":{"line":49,"column":19}},"loc":{"start":{"line":49,"column":36},"end":{"line":51,"column":3}},"line":49},"2":{"name":"(anonymous_2)","decl":{"start":{"line":57,"column":28},"end":{"line":57,"column":29}},"loc":{"start":{"line":57,"column":34},"end":{"line":57,"column":95}},"line":57},"3":{"name":"(anonymous_3)","decl":{"start":{"line":57,"column":42},"end":{"line":57,"column":43}},"loc":{"start":{"line":57,"column":48},"end":{"line":57,"column":94}},"line":57},"4":{"name":"(anonymous_4)","decl":{"start":{"line":57,"column":60},"end":{"line":57,"column":61}},"loc":{"start":{"line":57,"column":71},"end":{"line":57,"column":93}},"line":57},"5":{"name":"(anonymous_5)","decl":{"start":{"line":63,"column":25},"end":{"line":63,"column":26}},"loc":{"start":{"line":63,"column":50},"end":{"line":70,"column":1}},"line":63},"6":{"name":"(anonymous_6)","decl":{"start":{"line":64,"column":25},"end":{"line":64,"column":26}},"loc":{"start":{"line":65,"column":4},"end":{"line":68,"column":6}},"line":65},"7":{"name":"(anonymous_7)","decl":{"start":{"line":67,"column":12},"end":{"line":67,"column":13}},"loc":{"start":{"line":67,"column":18},"end":{"line":67,"column":43}},"line":67},"8":{"name":"(anonymous_8)","decl":{"start":{"line":73,"column":30},"end":{"line":73,"column":31}},"loc":{"start":{"line":73,"column":59},"end":{"line":75,"column":1}},"line":73},"9":{"name":"(anonymous_9)","decl":{"start":{"line":74,"column":25},"end":{"line":74,"column":26}},"loc":{"start":{"line":74,"column":31},"end":{"line":74,"column":63}},"line":74},"10":{"name":"(anonymous_10)","decl":{"start":{"line":78,"column":26},"end":{"line":78,"column":27}},"loc":{"start":{"line":78,"column":32},"end":{"line":81,"column":1}},"line":78},"11":{"name":"(anonymous_11)","decl":{"start":{"line":80,"column":40},"end":{"line":80,"column":41}},"loc":{"start":{"line":80,"column":48},"end":{"line":80,"column":64}},"line":80},"12":{"name":"(anonymous_12)","decl":{"start":{"line":84,"column":30},"end":{"line":84,"column":31}},"loc":{"start":{"line":84,"column":51},"end":{"line":92,"column":1}},"line":84},"13":{"name":"(anonymous_13)","decl":{"start":{"line":95,"column":32},"end":{"line":95,"column":33}},"loc":{"start":{"line":95,"column":46},"end":{"line":97,"column":1}},"line":95},"14":{"name":"(anonymous_14)","decl":{"start":{"line":96,"column":21},"end":{"line":96,"column":22}},"loc":{"start":{"line":96,"column":32},"end":{"line":96,"column":55}},"line":96}},"branchMap":{"0":{"loc":{"start":{"line":48,"column":40},"end":{"line":48,"column":65}},"type":"default-arg","locations":[{"start":{"line":48,"column":63},"end":{"line":48,"column":65}}],"line":48},"1":{"loc":{"start":{"line":63,"column":36},"end":{"line":63,"column":45}},"type":"default-arg","locations":[{"start":{"line":63,"column":41},"end":{"line":63,"column":45}}],"line":63},"2":{"loc":{"start":{"line":73,"column":31},"end":{"line":73,"column":54}},"type":"default-arg","locations":[{"start":{"line":73,"column":39},"end":{"line":73,"column":54}}],"line":73},"3":{"loc":{"start":{"line":84,"column":31},"end":{"line":84,"column":45}},"type":"default-arg","locations":[{"start":{"line":84,"column":43},"end":{"line":84,"column":45}}],"line":84},"4":{"loc":{"start":{"line":95,"column":33},"end":{"line":95,"column":41}},"type":"default-arg","locations":[{"start":{"line":95,"column":38},"end":{"line":95,"column":41}}],"line":95}},"s":{"0":0,"1":0,"2":0,"3":0,"4":0,"5":0,"6":0,"7":0,"8":0,"9":0,"10":0,"11":0,"12":0,"13":0,"14":0,"15":0,"16":0,"17":0,"18":0,"19":0,"20":0,"21":0,"22":0,"23":0,"24":0,"25":0,"26":0},"f":{"0":0,"1":0,"2":0,"3":0,"4":0,"5":0,"6":0,"7":0,"8":0,"9":0,"10":0,"11":0,"12":0,"13":0,"14":0},"b":{"0":[0],"1":[0],"2":[0],"3":[0],"4":[0]}}
,"C:\\devcodes\\upskilling\\spicytodoapp\\frontend\\src\\components\\EmptyState.js": {"path":"C:\\devcodes\\upskilling\\spicytodoapp\\frontend\\src\\components\\EmptyState.js","statementMap":{"0":{"start":{"line":5,"column":19},"end":{"line":31,"column":1}},"1":{"start":{"line":6,"column":2},"end":{"line":30,"column":4}}},"fnMap":{"0":{"name":"(anonymous_0)","decl":{"start":{"line":5,"column":19},"end":{"line":5,"column":20}},"loc":{"start":{"line":5,"column":25},"end":{"line":31,"column":1}},"line":5}},"branchMap":{},"s":{"0":0,"1":0},"f":{"0":0},"b":{}}
,"C:\\devcodes\\upskilling\\spicytodoapp\\frontend\\src\\components\\TodoFilter.js": {"path":"C:\\devcodes\\upskilling\\spicytodoapp\\frontend\\src\\components\\TodoFilter.js","statementMap":{"0":{"start":{"line":5,"column":19},"end":{"line":69,"column":1}},"1":{"start":{"line":13,"column":24},"end":{"line":17,"column":3}},"2":{"start":{"line":19,"column":2},"end":{"line":68,"column":4}},"3":{"start":{"line":28,"column":31},"end":{"line":28,"column":61}},"4":{"start":{"line":42,"column":14},"end":{"line":49,"column":23}},"5":{"start":{"line":44,"column":31},"end":{"line":44,"column":59}}},"fnMap":{"0":{"name":"(anonymous_0)","decl":{"start":{"line":5,"column":19},"end":{"line":5,"column":20}},"loc":{"start":{"line":12,"column":6},"end":{"line":69,"column":1}},"line":12},"1":{"name":"(anonymous_1)","decl":{"start":{"line":28,"column":24},"end":{"line":28,"column":25}},"loc":{"start":{"line":28,"column":31},"end":{"line":28,"column":61}},"line":28},"2":{"name":"(anonymous_2)","decl":{"start":{"line":41,"column":31},"end":{"line":41,"column":32}},"loc":{"start":{"line":42,"column":14},"end":{"line":49,"column":23}},"line":42},"3":{"name":"(anonymous_3)","decl":{"start":{"line":44,"column":25},"end":{"line":44,"column":26}},"loc":{"start":{"line":44,"column":31},"end":{"line":44,"column":59}},"line":44}},"branchMap":{"0":{"loc":{"start":{"line":45,"column":44},"end":{"line":45,"column":83}},"type":"cond-expr","locations":[{"start":{"line":45,"column":70},"end":{"line":45,"column":78}},{"start":{"line":45,"column":81},"end":{"line":45,"column":83}}],"line":45},"1":{"loc":{"start":{"line":54,"column":9},"end":{"line":65,"column":9}},"type":"binary-expr","locations":[{"start":{"line":54,"column":9},"end":{"line":54,"column":27}},{"start":{"line":55,"column":10},"end":{"line":64,"column":16}}],"line":54},"2":{"loc":{"start":{"line":59,"column":62},"end":{"line":59,"column":91}},"type":"cond-expr","locations":[{"start":{"line":59,"column":83},"end":{"line":59,"column":86}},{"start":{"line":59,"column":89},"end":{"line":59,"column":91}}],"line":59}},"s":{"0":0,"1":0,"2":0,"3":0,"4":0,"5":0},"f":{"0":0,"1":0,"2":0,"3":0},"b":{"0":[0,0],"1":[0,0],"2":[0,0]}}
,"C:\\devcodes\\upskilling\\spicytodoapp\\frontend\\src\\components\\TodoForm.js": {"path":"C:\\devcodes\\upskilling\\spicytodoapp\\frontend\\src\\components\\TodoForm.js","statementMap":{"0":{"start":{"line":5,"column":17},"end":{"line":61,"column":1}},"1":{"start":{"line":6,"column":26},"end":{"line":6,"column":38}},"2":{"start":{"line":7,"column":34},"end":{"line":7,"column":52}},"3":{"start":{"line":9,"column":23},"end":{"line":16,"column":3}},"4":{"start":{"line":10,"column":4},"end":{"line":10,"column":23}},"5":{"start":{"line":11,"column":4},"end":{"line":15,"column":5}},"6":{"start":{"line":12,"column":6},"end":{"line":12,"column":39}},"7":{"start":{"line":13,"column":6},"end":{"line":13,"column":18}},"8":{"start":{"line":14,"column":6},"end":{"line":14,"column":28}},"9":{"start":{"line":18,"column":25},"end":{"line":22,"column":3}},"10":{"start":{"line":19,"column":4},"end":{"line":21,"column":5}},"11":{"start":{"line":20,"column":6},"end":{"line":20,"column":22}},"12":{"start":{"line":24,"column":2},"end":{"line":60,"column":4}},"13":{"start":{"line":31,"column":29},"end":{"line":31,"column":52}},"14":{"start":{"line":50,"column":29},"end":{"line":50,"column":56}}},"fnMap":{"0":{"name":"(anonymous_0)","decl":{"start":{"line":5,"column":17},"end":{"line":5,"column":18}},"loc":{"start":{"line":5,"column":36},"end":{"line":61,"column":1}},"line":5},"1":{"name":"(anonymous_1)","decl":{"start":{"line":9,"column":23},"end":{"line":9,"column":24}},"loc":{"start":{"line":9,"column":30},"end":{"line":16,"column":3}},"line":9},"2":{"name":"(anonymous_2)","decl":{"start":{"line":18,"column":25},"end":{"line":18,"column":26}},"loc":{"start":{"line":18,"column":32},"end":{"line":22,"column":3}},"line":18},"3":{"name":"(anonymous_3)","decl":{"start":{"line":31,"column":22},"end":{"line":31,"column":23}},"loc":{"start":{"line":31,"column":29},"end":{"line":31,"column":52}},"line":31},"4":{"name":"(anonymous_4)","decl":{"start":{"line":50,"column":22},"end":{"line":50,"column":23}},"loc":{"start":{"line":50,"column":29},"end":{"line":50,"column":56}},"line":50}},"branchMap":{"0":{"loc":{"start":{"line":11,"column":4},"end":{"line":15,"column":5}},"type":"if","locations":[{"start":{"line":11,"column":4},"end":{"line":15,"column":5}},{"start":{},"end":{}}],"line":11},"1":{"loc":{"start":{"line":19,"column":4},"end":{"line":21,"column":5}},"type":"if","locations":[{"start":{"line":19,"column":4},"end":{"line":21,"column":5}},{"start":{},"end":{}}],"line":19}},"s":{"0":0,"1":0,"2":0,"3":0,"4":0,"5":0,"6":0,"7":0,"8":0,"9":0,"10":0,"11":0,"12":0,"13":0,"14":0},"f":{"0":0,"1":0,"2":0,"3":0,"4":0},"b":{"0":[0,0],"1":[0,0]}}
,"C:\\devcodes\\upskilling\\spicytodoapp\\frontend\\src\\components\\TodoItem.js": {"path":"C:\\devcodes\\upskilling\\spicytodoapp\\frontend\\src\\components\\TodoItem.js","statementMap":{"0":{"start":{"line":5,"column":17},"end":{"line":116,"column":1}},"1":{"start":{"line":6,"column":36},"end":{"line":6,"column":51}},"2":{"start":{"line":7,"column":34},"end":{"line":7,"column":53}},"3":{"start":{"line":9,"column":21},"end":{"line":12,"column":3}},"4":{"start":{"line":10,"column":4},"end":{"line":10,"column":23}},"5":{"start":{"line":11,"column":4},"end":{"line":11,"column":27}},"6":{"start":{"line":14,"column":21},"end":{"line":19,"column":3}},"7":{"start":{"line":15,"column":4},"end":{"line":17,"column":5}},"8":{"start":{"line":16,"column":6},"end":{"line":16,"column":55}},"9":{"start":{"line":18,"column":4},"end":{"line":18,"column":24}},"10":{"start":{"line":21,"column":23},"end":{"line":24,"column":3}},"11":{"start":{"line":22,"column":4},"end":{"line":22,"column":27}},"12":{"start":{"line":23,"column":4},"end":{"line":23,"column":24}},"13":{"start":{"line":26,"column":25},"end":{"line":32,"column":3}},"14":{"start":{"line":27,"column":4},"end":{"line":31,"column":5}},"15":{"start":{"line":28,"column":6},"end":{"line":28,"column":19}},"16":{"start":{"line":29,"column":11},"end":{"line":31,"column":5}},"17":{"start":{"line":30,"column":6},"end":{"line":30,"column":21}},"18":{"start":{"line":34,"column":27},"end":{"line":41,"column":3}},"19":{"start":{"line":35,"column":4},"end":{"line":40,"column":5}},"20":{"start":{"line":36,"column":19},"end":{"line":36,"column":31}},"21":{"start":{"line":37,"column":21},"end":{"line":37,"column":33}},"22":{"start":{"line":38,"column":18},"end":{"line":38,"column":30}},"23":{"start":{"line":39,"column":15},"end":{"line":39,"column":27}},"24":{"start":{"line":43,"column":21},"end":{"line":55,"column":3}},"25":{"start":{"line":44,"column":17},"end":{"line":44,"column":37}},"26":{"start":{"line":45,"column":16},"end":{"line":45,"column":26}},"27":{"start":{"line":46,"column":24},"end":{"line":46,"column":55}},"28":{"start":{"line":48,"column":4},"end":{"line":54,"column":5}},"29":{"start":{"line":49,"column":6},"end":{"line":49,"column":81}},"30":{"start":{"line":50,"column":11},"end":{"line":54,"column":5}},"31":{"start":{"line":51,"column":6},"end":{"line":51,"column":99}},"32":{"start":{"line":53,"column":6},"end":{"line":53,"column":77}},"33":{"start":{"line":57,"column":2},"end":{"line":115,"column":4}},"34":{"start":{"line":63,"column":27},"end":{"line":63,"column":48}},"35":{"start":{"line":73,"column":33},"end":{"line":73,"column":60}},"36":{"start":{"line":108,"column":35},"end":{"line":108,"column":56}}},"fnMap":{"0":{"name":"(anonymous_0)","decl":{"start":{"line":5,"column":17},"end":{"line":5,"column":18}},"loc":{"start":{"line":5,"column":73},"end":{"line":116,"column":1}},"line":5},"1":{"name":"(anonymous_1)","decl":{"start":{"line":9,"column":21},"end":{"line":9,"column":22}},"loc":{"start":{"line":9,"column":27},"end":{"line":12,"column":3}},"line":9},"2":{"name":"(anonymous_2)","decl":{"start":{"line":14,"column":21},"end":{"line":14,"column":22}},"loc":{"start":{"line":14,"column":27},"end":{"line":19,"column":3}},"line":14},"3":{"name":"(anonymous_3)","decl":{"start":{"line":21,"column":23},"end":{"line":21,"column":24}},"loc":{"start":{"line":21,"column":29},"end":{"line":24,"column":3}},"line":21},"4":{"name":"(anonymous_4)","decl":{"start":{"line":26,"column":25},"end":{"line":26,"column":26}},"loc":{"start":{"line":26,"column":32},"end":{"line":32,"column":3}},"line":26},"5":{"name":"(anonymous_5)","decl":{"start":{"line":34,"column":27},"end":{"line":34,"column":28}},"loc":{"start":{"line":34,"column":41},"end":{"line":41,"column":3}},"line":34},"6":{"name":"(anonymous_6)","decl":{"start":{"line":43,"column":21},"end":{"line":43,"column":22}},"loc":{"start":{"line":43,"column":37},"end":{"line":55,"column":3}},"line":43},"7":{"name":"(anonymous_7)","decl":{"start":{"line":63,"column":21},"end":{"line":63,"column":22}},"loc":{"start":{"line":63,"column":27},"end":{"line":63,"column":48}},"line":63},"8":{"name":"(anonymous_8)","decl":{"start":{"line":73,"column":26},"end":{"line":73,"column":27}},"loc":{"start":{"line":73,"column":33},"end":{"line":73,"column":60}},"line":73},"9":{"name":"(anonymous_9)","decl":{"start":{"line":108,"column":29},"end":{"line":108,"column":30}},"loc":{"start":{"line":108,"column":35},"end":{"line":108,"column":56}},"line":108}},"branchMap":{"0":{"loc":{"start":{"line":15,"column":4},"end":{"line":17,"column":5}},"type":"if","locations":[{"start":{"line":15,"column":4},"end":{"line":17,"column":5}},{"start":{},"end":{}}],"line":15},"1":{"loc":{"start":{"line":15,"column":8},"end":{"line":15,"column":49}},"type":"binary-expr","locations":[{"start":{"line":15,"column":8},"end":{"line":15,"column":23}},{"start":{"line":15,"column":27},"end":{"line":15,"column":49}}],"line":15},"2":{"loc":{"start":{"line":27,"column":4},"end":{"line":31,"column":5}},"type":"if","locations":[{"start":{"line":27,"column":4},"end":{"line":31,"column":5}},{"start":{"line":29,"column":11},"end":{"line":31,"column":5}}],"line":27},"3":{"loc":{"start":{"line":29,"column":11},"end":{"line":31,"column":5}},"type":"if","locations":[{"start":{"line":29,"column":11},"end":{"line":31,"column":5}},{"start":{},"end":{}}],"line":29},"4":{"loc":{"start":{"line":35,"column":4},"end":{"line":40,"column":5}},"type":"switch","locations":[{"start":{"line":36,"column":6},"end":{"line":36,"column":31}},{"start":{"line":37,"column":6},"end":{"line":37,"column":33}},{"start":{"line":38,"column":6},"end":{"line":38,"column":30}},{"start":{"line":39,"column":6},"end":{"line":39,"column":27}}],"line":35},"5":{"loc":{"start":{"line":48,"column":4},"end":{"line":54,"column":5}},"type":"if","locations":[{"start":{"line":48,"column":4},"end":{"line":54,"column":5}},{"start":{"line":50,"column":11},"end":{"line":54,"column":5}}],"line":48},"6":{"loc":{"start":{"line":50,"column":11},"end":{"line":54,"column":5}},"type":"if","locations":[{"start":{"line":50,"column":11},"end":{"line":54,"column":5}},{"start":{"line":52,"column":11},"end":{"line":54,"column":5}}],"line":50},"7":{"loc":{"start":{"line":58,"column":33},"end":{"line":58,"column":66}},"type":"cond-expr","locations":[{"start":{"line":58,"column":50},"end":{"line":58,"column":61}},{"start":{"line":58,"column":64},"end":{"line":58,"column":66}}],"line":58},"8":{"loc":{"start":{"line":62,"column":35},"end":{"line":62,"column":66}},"type":"cond-expr","locations":[{"start":{"line":62,"column":52},"end":{"line":62,"column":61}},{"start":{"line":62,"column":64},"end":{"line":62,"column":66}}],"line":62},"9":{"loc":{"start":{"line":68,"column":11},"end":{"line":100,"column":11}},"type":"cond-expr","locations":[{"start":{"line":69,"column":12},"end":{"line":87,"column":18}},{"start":{"line":89,"column":12},"end":{"line":99,"column":15}}],"line":68},"10":{"loc":{"start":{"line":96,"column":19},"end":{"line":96,"column":59}},"type":"cond-expr","locations":[{"start":{"line":96,"column":36},"end":{"line":96,"column":47}},{"start":{"line":96,"column":50},"end":{"line":96,"column":59}}],"line":96},"11":{"loc":{"start":{"line":96,"column":73},"end":{"line":96,"column":121}},"type":"cond-expr","locations":[{"start":{"line":96,"column":90},"end":{"line":96,"column":104}},{"start":{"line":96,"column":107},"end":{"line":96,"column":121}}],"line":96},"12":{"loc":{"start":{"line":103,"column":9},"end":{"line":112,"column":9}},"type":"binary-expr","locations":[{"start":{"line":103,"column":9},"end":{"line":103,"column":19}},{"start":{"line":104,"column":10},"end":{"line":111,"column":16}}],"line":103}},"s":{"0":0,"1":0,"2":0,"3":0,"4":0,"5":0,"6":0,"7":0,"8":0,"9":0,"10":0,"11":0,"12":0,"13":0,"14":0,"15":0,"16":0,"17":0,"18":0,"19":0,"20":0,"21":0,"22":0,"23":0,"24":0,"25":0,"26":0,"27":0,"28":0,"29":0,"30":0,"31":0,"32":0,"33":0,"34":0,"35":0,"36":0},"f":{"0":0,"1":0,"2":0,"3":0,"4":0,"5":0,"6":0,"7":0,"8":0,"9":0},"b":{"0":[0,0],"1":[0,0],"2":[0,0],"3":[0,0],"4":[0,0,0,0],"5":[0,0],"6":[0,0],"7":[0,0],"8":[0,0],"9":[0,0],"10":[0,0],"11":[0,0],"12":[0,0]}}
,"C:\\devcodes\\upskilling\\spicytodoapp\\frontend\\src\\components\\TodoList.js": {"path":"C:\\devcodes\\upskilling\\spicytodoapp\\frontend\\src\\components\\TodoList.js","statementMap":{"0":{"start":{"line":6,"column":17},"end":{"line":27,"column":1}},"1":{"start":{"line":7,"column":2},"end":{"line":9,"column":3}},"2":{"start":{"line":8,"column":4},"end":{"line":8,"column":26}},"3":{"start":{"line":11,"column":2},"end":{"line":26,"column":4}},"4":{"start":{"line":15,"column":10},"end":{"line":22,"column":12}}},"fnMap":{"0":{"name":"(anonymous_0)","decl":{"start":{"line":6,"column":17},"end":{"line":6,"column":18}},"loc":{"start":{"line":6,"column":74},"end":{"line":27,"column":1}},"line":6},"1":{"name":"(anonymous_1)","decl":{"start":{"line":14,"column":19},"end":{"line":14,"column":20}},"loc":{"start":{"line":15,"column":10},"end":{"line":22,"column":12}},"line":15}},"branchMap":{"0":{"loc":{"start":{"line":7,"column":2},"end":{"line":9,"column":3}},"type":"if","locations":[{"start":{"line":7,"column":2},"end":{"line":9,"column":3}},{"start":{},"end":{}}],"line":7}},"s":{"0":0,"1":0,"2":0,"3":0,"4":0},"f":{"0":0,"1":0},"b":{"0":[0,0]}}
,"C:\\devcodes\\upskilling\\spicytodoapp\\frontend\\src\\components\\TodoStats.js": {"path":"C:\\devcodes\\upskilling\\spicytodoapp\\frontend\\src\\components\\TodoStats.js","statementMap":{"0":{"start":{"line":5,"column":18},"end":{"line":98,"column":1}},"1":{"start":{"line":6,"column":21},"end":{"line":6,"column":33}},"2":{"start":{"line":7,"column":25},"end":{"line":7,"column":68}},"3":{"start":{"line":7,"column":46},"end":{"line":7,"column":60}},"4":{"start":{"line":8,"column":22},"end":{"line":8,"column":49}},"5":{"start":{"line":9,"column":25},"end":{"line":9,"column":93}},"6":{"start":{"line":11,"column":27},"end":{"line":13,"column":3}},"7":{"start":{"line":12,"column":4},"end":{"line":12,"column":67}},"8":{"start":{"line":12,"column":32},"end":{"line":12,"column":58}},"9":{"start":{"line":15,"column":23},"end":{"line":15,"column":47}},"10":{"start":{"line":16,"column":25},"end":{"line":16,"column":51}},"11":{"start":{"line":17,"column":22},"end":{"line":17,"column":45}},"12":{"start":{"line":19,"column":16},"end":{"line":48,"column":3}},"13":{"start":{"line":50,"column":2},"end":{"line":97,"column":4}},"14":{"start":{"line":55,"column":34},"end":{"line":55,"column":43}},"15":{"start":{"line":56,"column":12},"end":{"line":72,"column":14}}},"fnMap":{"0":{"name":"(anonymous_0)","decl":{"start":{"line":5,"column":18},"end":{"line":5,"column":19}},"loc":{"start":{"line":5,"column":33},"end":{"line":98,"column":1}},"line":5},"1":{"name":"(anonymous_1)","decl":{"start":{"line":7,"column":38},"end":{"line":7,"column":39}},"loc":{"start":{"line":7,"column":46},"end":{"line":7,"column":60}},"line":7},"2":{"name":"(anonymous_2)","decl":{"start":{"line":11,"column":27},"end":{"line":11,"column":28}},"loc":{"start":{"line":11,"column":41},"end":{"line":13,"column":3}},"line":11},"3":{"name":"(anonymous_3)","decl":{"start":{"line":12,"column":24},"end":{"line":12,"column":25}},"loc":{"start":{"line":12,"column":32},"end":{"line":12,"column":58}},"line":12},"4":{"name":"(anonymous_4)","decl":{"start":{"line":54,"column":21},"end":{"line":54,"column":22}},"loc":{"start":{"line":54,"column":38},"end":{"line":73,"column":11}},"line":54}},"branchMap":{"0":{"loc":{"start":{"line":9,"column":25},"end":{"line":9,"column":93}},"type":"cond-expr","locations":[{"start":{"line":9,"column":42},"end":{"line":9,"column":89}},{"start":{"line":9,"column":92},"end":{"line":9,"column":93}}],"line":9},"1":{"loc":{"start":{"line":76,"column":9},"end":{"line":94,"column":9}},"type":"binary-expr","locations":[{"start":{"line":76,"column":9},"end":{"line":76,"column":23}},{"start":{"line":77,"column":10},"end":{"line":93,"column":16}}],"line":76}},"s":{"0":0,"1":0,"2":0,"3":0,"4":0,"5":0,"6":0,"7":0,"8":0,"9":0,"10":0,"11":0,"12":0,"13":0,"14":0,"15":0},"f":{"0":0,"1":0,"2":0,"3":0,"4":0},"b":{"0":[0,0],"1":[0,0]}}
,"C:\\devcodes\\upskilling\\spicytodoapp\\frontend\\src\\data\\sampleData.js": {"path":"C:\\devcodes\\upskilling\\spicytodoapp\\frontend\\src\\data\\sampleData.js","statementMap":{"0":{"start":{"line":1,"column":27},"end":{"line":66,"column":1}}},"fnMap":{},"branchMap":{},"s":{"0":0},"f":{},"b":{}}
,"C:\\devcodes\\upskilling\\spicytodoapp\\frontend\\src\\services\\api.js": {"path":"C:\\devcodes\\upskilling\\spicytodoapp\\frontend\\src\\services\\api.js","statementMap":{"0":{"start":{"line":2,"column":21},"end":{"line":2,"column":77}},"1":{"start":{"line":6,"column":4},"end":{"line":6,"column":32}},"2":{"start":{"line":10,"column":16},"end":{"line":10,"column":44}},"3":{"start":{"line":11,"column":19},"end":{"line":17,"column":5}},"4":{"start":{"line":19,"column":4},"end":{"line":30,"column":5}},"5":{"start":{"line":20,"column":23},"end":{"line":20,"column":47}},"6":{"start":{"line":22,"column":6},"end":{"line":24,"column":7}},"7":{"start":{"line":23,"column":8},"end":{"line":23,"column":66}},"8":{"start":{"line":26,"column":6},"end":{"line":26,"column":35}},"9":{"start":{"line":28,"column":6},"end":{"line":28,"column":50}},"10":{"start":{"line":29,"column":6},"end":{"line":29,"column":18}},"11":{"start":{"line":35,"column":19},"end":{"line":35,"column":40}},"12":{"start":{"line":36,"column":4},"end":{"line":36,"column":68}},"13":{"start":{"line":36,"column":36},"end":{"line":36,"column":68}},"14":{"start":{"line":37,"column":4},"end":{"line":37,"column":48}},"15":{"start":{"line":37,"column":16},"end":{"line":37,"column":48}},"16":{"start":{"line":38,"column":4},"end":{"line":38,"column":54}},"17":{"start":{"line":38,"column":18},"end":{"line":38,"column":54}},"18":{"start":{"line":40,"column":24},"end":{"line":40,"column":41}},"19":{"start":{"line":41,"column":21},"end":{"line":41,"column":72}},"20":{"start":{"line":43,"column":4},"end":{"line":43,"column":34}},"21":{"start":{"line":47,"column":4},"end":{"line":47,"column":44}},"22":{"start":{"line":51,"column":4},"end":{"line":54,"column":7}},"23":{"start":{"line":58,"column":4},"end":{"line":61,"column":7}},"24":{"start":{"line":65,"column":4},"end":{"line":67,"column":7}},"25":{"start":{"line":71,"column":4},"end":{"line":73,"column":7}},"26":{"start":{"line":77,"column":4},"end":{"line":77,"column":52}},"27":{"start":{"line":81,"column":4},"end":{"line":83,"column":7}},"28":{"start":{"line":88,"column":4},"end":{"line":88,"column":35}},"29":{"start":{"line":93,"column":19},"end":{"line":93,"column":35}}},"fnMap":{"0":{"name":"(anonymous_0)","decl":{"start":{"line":5,"column":2},"end":{"line":5,"column":3}},"loc":{"start":{"line":5,"column":16},"end":{"line":7,"column":3}},"line":5},"1":{"name":"(anonymous_1)","decl":{"start":{"line":9,"column":2},"end":{"line":9,"column":3}},"loc":{"start":{"line":9,"column":40},"end":{"line":31,"column":3}},"line":9},"2":{"name":"(anonymous_2)","decl":{"start":{"line":34,"column":2},"end":{"line":34,"column":3}},"loc":{"start":{"line":34,"column":61},"end":{"line":44,"column":3}},"line":34},"3":{"name":"(anonymous_3)","decl":{"start":{"line":46,"column":2},"end":{"line":46,"column":3}},"loc":{"start":{"line":46,"column":20},"end":{"line":48,"column":3}},"line":46},"4":{"name":"(anonymous_4)","decl":{"start":{"line":50,"column":2},"end":{"line":50,"column":3}},"loc":{"start":{"line":50,"column":29},"end":{"line":55,"column":3}},"line":50},"5":{"name":"(anonymous_5)","decl":{"start":{"line":57,"column":2},"end":{"line":57,"column":3}},"loc":{"start":{"line":57,"column":33},"end":{"line":62,"column":3}},"line":57},"6":{"name":"(anonymous_6)","decl":{"start":{"line":64,"column":2},"end":{"line":64,"column":3}},"loc":{"start":{"line":64,"column":23},"end":{"line":68,"column":3}},"line":64},"7":{"name":"(anonymous_7)","decl":{"start":{"line":70,"column":2},"end":{"line":70,"column":3}},"loc":{"start":{"line":70,"column":23},"end":{"line":74,"column":3}},"line":70},"8":{"name":"(anonymous_8)","decl":{"start":{"line":76,"column":2},"end":{"line":76,"column":3}},"loc":{"start":{"line":76,"column":23},"end":{"line":78,"column":3}},"line":76},"9":{"name":"(anonymous_9)","decl":{"start":{"line":80,"column":2},"end":{"line":80,"column":3}},"loc":{"start":{"line":80,"column":30},"end":{"line":84,"column":3}},"line":80},"10":{"name":"(anonymous_10)","decl":{"start":{"line":87,"column":2},"end":{"line":87,"column":3}},"loc":{"start":{"line":87,"column":22},"end":{"line":89,"column":3}},"line":87}},"branchMap":{"0":{"loc":{"start":{"line":2,"column":21},"end":{"line":2,"column":77}},"type":"binary-expr","locations":[{"start":{"line":2,"column":21},"end":{"line":2,"column":50}},{"start":{"line":2,"column":54},"end":{"line":2,"column":77}}],"line":2},"1":{"loc":{"start":{"line":9,"column":26},"end":{"line":9,"column":38}},"type":"default-arg","locations":[{"start":{"line":9,"column":36},"end":{"line":9,"column":38}}],"line":9},"2":{"loc":{"start":{"line":22,"column":6},"end":{"line":24,"column":7}},"type":"if","locations":[{"start":{"line":22,"column":6},"end":{"line":24,"column":7}},{"start":{},"end":{}}],"line":22},"3":{"loc":{"start":{"line":34,"column":17},"end":{"line":34,"column":31}},"type":"default-arg","locations":[{"start":{"line":34,"column":26},"end":{"line":34,"column":31}}],"line":34},"4":{"loc":{"start":{"line":34,"column":33},"end":{"line":34,"column":44}},"type":"default-arg","locations":[{"start":{"line":34,"column":42},"end":{"line":34,"column":44}}],"line":34},"5":{"loc":{"start":{"line":34,"column":46},"end":{"line":34,"column":59}},"type":"default-arg","locations":[{"start":{"line":34,"column":57},"end":{"line":34,"column":59}}],"line":34},"6":{"loc":{"start":{"line":36,"column":4},"end":{"line":36,"column":68}},"type":"if","locations":[{"start":{"line":36,"column":4},"end":{"line":36,"column":68}},{"start":{},"end":{}}],"line":36},"7":{"loc":{"start":{"line":36,"column":8},"end":{"line":36,"column":34}},"type":"binary-expr","locations":[{"start":{"line":36,"column":8},"end":{"line":36,"column":14}},{"start":{"line":36,"column":18},"end":{"line":36,"column":34}}],"line":36},"8":{"loc":{"start":{"line":37,"column":4},"end":{"line":37,"column":48}},"type":"if","locations":[{"start":{"line":37,"column":4},"end":{"line":37,"column":48}},{"start":{},"end":{}}],"line":37},"9":{"loc":{"start":{"line":38,"column":4},"end":{"line":38,"column":54}},"type":"if","locations":[{"start":{"line":38,"column":4},"end":{"line":38,"column":54}},{"start":{},"end":{}}],"line":38},"10":{"loc":{"start":{"line":41,"column":34},"end":{"line":41,"column":70}},"type":"cond-expr","locations":[{"start":{"line":41,"column":48},"end":{"line":41,"column":65}},{"start":{"line":41,"column":68},"end":{"line":41,"column":70}}],"line":41}},"s":{"0":1,"1":1,"2":9,"3":9,"4":9,"5":9,"6":8,"7":1,"8":7,"9":2,"10":2,"11":2,"12":2,"13":1,"14":2,"15":1,"16":2,"17":1,"18":2,"19":2,"20":2,"21":0,"22":1,"23":1,"24":1,"25":1,"26":0,"27":0,"28":0,"29":1},"f":{"0":1,"1":9,"2":2,"3":0,"4":1,"5":1,"6":1,"7":1,"8":0,"9":0,"10":0},"b":{"0":[1,1],"1":[5],"2":[1,7],"3":[1],"4":[1],"5":[1],"6":[1,1],"7":[2,2],"8":[1,1],"9":[1,1],"10":[1,1]},"_coverageSchema":"1a1c01bbd47fc00a2c39e90264f33305004495a9","hash":"90913a8b7cb22b2ff99ad23baf7ad2c8218ed9d1"}
}
