TN:
SF:src\App.js
FN:9,App
FN:17,(anonymous_1)
FN:22,(anonymous_2)
FN:26,(anonymous_3)
FN:41,(anonymous_4)
FN:55,(anonymous_5)
FN:60,(anonymous_6)
FN:71,(anonymous_7)
FN:76,(anonymous_8)
FN:85,(anonymous_9)
FN:90,(anonymous_10)
FN:101,(anonymous_11)
FN:106,(anonymous_12)
FN:143,(anonymous_13)
FNF:14
FNH:0
FNDA:0,App
FNDA:0,(anonymous_1)
FNDA:0,(anonymous_2)
FNDA:0,(anonymous_3)
FNDA:0,(anonymous_4)
FNDA:0,(anonymous_5)
FNDA:0,(anonymous_6)
FNDA:0,(anonymous_7)
FNDA:0,(anonymous_8)
FNDA:0,(anonymous_9)
FNDA:0,(anonymous_10)
FNDA:0,(anonymous_11)
FNDA:0,(anonymous_12)
FNDA:0,(anonymous_13)
DA:10,0
DA:11,0
DA:12,0
DA:13,0
DA:14,0
DA:17,0
DA:18,0
DA:22,0
DA:23,0
DA:26,0
DA:27,0
DA:28,0
DA:29,0
DA:30,0
DA:31,0
DA:33,0
DA:34,0
DA:36,0
DA:41,0
DA:42,0
DA:43,0
DA:44,0
DA:45,0
DA:46,0
DA:48,0
DA:49,0
DA:51,0
DA:55,0
DA:56,0
DA:57,0
DA:58,0
DA:59,0
DA:60,0
DA:61,0
DA:64,0
DA:65,0
DA:67,0
DA:71,0
DA:72,0
DA:73,0
DA:74,0
DA:75,0
DA:76,0
DA:78,0
DA:79,0
DA:81,0
DA:85,0
DA:86,0
DA:87,0
DA:88,0
DA:89,0
DA:90,0
DA:91,0
DA:94,0
DA:95,0
DA:97,0
DA:101,0
DA:102,0
DA:103,0
DA:104,0
DA:105,0
DA:106,0
DA:108,0
DA:109,0
DA:111,0
DA:115,0
DA:143,0
LF:67
LH:0
BRDA:41,0,0,0
BRDA:61,1,0,0
BRDA:61,1,1,0
BRDA:91,2,0,0
BRDA:91,2,1,0
BRDA:126,3,0,0
BRDA:126,3,1,0
BRF:7
BRH:0
end_of_record
TN:
SF:src\index.js
FNF:0
FNH:0
DA:6,0
DA:7,0
LF:2
LH:0
BRF:0
BRH:0
end_of_record
TN:
SF:src\test-utils.js
FN:48,(anonymous_0)
FN:49,(anonymous_1)
FN:57,(anonymous_2)
FN:57,(anonymous_3)
FN:57,(anonymous_4)
FN:63,(anonymous_5)
FN:64,(anonymous_6)
FN:67,(anonymous_7)
FN:73,(anonymous_8)
FN:74,(anonymous_9)
FN:78,(anonymous_10)
FN:80,(anonymous_11)
FN:84,(anonymous_12)
FN:95,(anonymous_13)
FN:96,(anonymous_14)
FNF:15
FNH:0
FNDA:0,(anonymous_0)
FNDA:0,(anonymous_1)
FNDA:0,(anonymous_2)
FNDA:0,(anonymous_3)
FNDA:0,(anonymous_4)
FNDA:0,(anonymous_5)
FNDA:0,(anonymous_6)
FNDA:0,(anonymous_7)
FNDA:0,(anonymous_8)
FNDA:0,(anonymous_9)
FNDA:0,(anonymous_10)
FNDA:0,(anonymous_11)
FNDA:0,(anonymous_12)
FNDA:0,(anonymous_13)
FNDA:0,(anonymous_14)
DA:7,0
DA:20,0
DA:48,0
DA:49,0
DA:50,0
DA:53,0
DA:57,0
DA:60,0
DA:63,0
DA:64,0
DA:65,0
DA:67,0
DA:73,0
DA:74,0
DA:78,0
DA:79,0
DA:80,0
DA:84,0
DA:95,0
DA:96,0
LF:20
LH:0
BRDA:48,0,0,0
BRDA:63,1,0,0
BRDA:73,2,0,0
BRDA:84,3,0,0
BRDA:95,4,0,0
BRF:5
BRH:0
end_of_record
TN:
SF:src\components\EmptyState.js
FN:5,(anonymous_0)
FNF:1
FNH:0
FNDA:0,(anonymous_0)
DA:5,0
DA:6,0
LF:2
LH:0
BRF:0
BRH:0
end_of_record
TN:
SF:src\components\TodoFilter.js
FN:5,(anonymous_0)
FN:28,(anonymous_1)
FN:41,(anonymous_2)
FN:44,(anonymous_3)
FNF:4
FNH:0
FNDA:0,(anonymous_0)
FNDA:0,(anonymous_1)
FNDA:0,(anonymous_2)
FNDA:0,(anonymous_3)
DA:5,0
DA:13,0
DA:19,0
DA:28,0
DA:42,0
DA:44,0
LF:6
LH:0
BRDA:45,0,0,0
BRDA:45,0,1,0
BRDA:54,1,0,0
BRDA:54,1,1,0
BRDA:59,2,0,0
BRDA:59,2,1,0
BRF:6
BRH:0
end_of_record
TN:
SF:src\components\TodoForm.js
FN:5,(anonymous_0)
FN:9,(anonymous_1)
FN:18,(anonymous_2)
FN:31,(anonymous_3)
FN:50,(anonymous_4)
FNF:5
FNH:0
FNDA:0,(anonymous_0)
FNDA:0,(anonymous_1)
FNDA:0,(anonymous_2)
FNDA:0,(anonymous_3)
FNDA:0,(anonymous_4)
DA:5,0
DA:6,0
DA:7,0
DA:9,0
DA:10,0
DA:11,0
DA:12,0
DA:13,0
DA:14,0
DA:18,0
DA:19,0
DA:20,0
DA:24,0
DA:31,0
DA:50,0
LF:15
LH:0
BRDA:11,0,0,0
BRDA:11,0,1,0
BRDA:19,1,0,0
BRDA:19,1,1,0
BRF:4
BRH:0
end_of_record
TN:
SF:src\components\TodoItem.js
FN:5,(anonymous_0)
FN:9,(anonymous_1)
FN:14,(anonymous_2)
FN:21,(anonymous_3)
FN:26,(anonymous_4)
FN:34,(anonymous_5)
FN:43,(anonymous_6)
FN:63,(anonymous_7)
FN:73,(anonymous_8)
FN:108,(anonymous_9)
FNF:10
FNH:0
FNDA:0,(anonymous_0)
FNDA:0,(anonymous_1)
FNDA:0,(anonymous_2)
FNDA:0,(anonymous_3)
FNDA:0,(anonymous_4)
FNDA:0,(anonymous_5)
FNDA:0,(anonymous_6)
FNDA:0,(anonymous_7)
FNDA:0,(anonymous_8)
FNDA:0,(anonymous_9)
DA:5,0
DA:6,0
DA:7,0
DA:9,0
DA:10,0
DA:11,0
DA:14,0
DA:15,0
DA:16,0
DA:18,0
DA:21,0
DA:22,0
DA:23,0
DA:26,0
DA:27,0
DA:28,0
DA:29,0
DA:30,0
DA:34,0
DA:35,0
DA:36,0
DA:37,0
DA:38,0
DA:39,0
DA:43,0
DA:44,0
DA:45,0
DA:46,0
DA:48,0
DA:49,0
DA:50,0
DA:51,0
DA:53,0
DA:57,0
DA:63,0
DA:73,0
DA:108,0
LF:37
LH:0
BRDA:15,0,0,0
BRDA:15,0,1,0
BRDA:15,1,0,0
BRDA:15,1,1,0
BRDA:27,2,0,0
BRDA:27,2,1,0
BRDA:29,3,0,0
BRDA:29,3,1,0
BRDA:35,4,0,0
BRDA:35,4,1,0
BRDA:35,4,2,0
BRDA:35,4,3,0
BRDA:48,5,0,0
BRDA:48,5,1,0
BRDA:50,6,0,0
BRDA:50,6,1,0
BRDA:58,7,0,0
BRDA:58,7,1,0
BRDA:62,8,0,0
BRDA:62,8,1,0
BRDA:68,9,0,0
BRDA:68,9,1,0
BRDA:96,10,0,0
BRDA:96,10,1,0
BRDA:96,11,0,0
BRDA:96,11,1,0
BRDA:103,12,0,0
BRDA:103,12,1,0
BRF:28
BRH:0
end_of_record
TN:
SF:src\components\TodoList.js
FN:6,(anonymous_0)
FN:14,(anonymous_1)
FNF:2
FNH:0
FNDA:0,(anonymous_0)
FNDA:0,(anonymous_1)
DA:6,0
DA:7,0
DA:8,0
DA:11,0
DA:15,0
LF:5
LH:0
BRDA:7,0,0,0
BRDA:7,0,1,0
BRF:2
BRH:0
end_of_record
TN:
SF:src\components\TodoStats.js
FN:5,(anonymous_0)
FN:7,(anonymous_1)
FN:11,(anonymous_2)
FN:12,(anonymous_3)
FN:54,(anonymous_4)
FNF:5
FNH:0
FNDA:0,(anonymous_0)
FNDA:0,(anonymous_1)
FNDA:0,(anonymous_2)
FNDA:0,(anonymous_3)
FNDA:0,(anonymous_4)
DA:5,0
DA:6,0
DA:7,0
DA:8,0
DA:9,0
DA:11,0
DA:12,0
DA:15,0
DA:16,0
DA:17,0
DA:19,0
DA:50,0
DA:55,0
DA:56,0
LF:14
LH:0
BRDA:9,0,0,0
BRDA:9,0,1,0
BRDA:76,1,0,0
BRDA:76,1,1,0
BRF:4
BRH:0
end_of_record
TN:
SF:src\data\sampleData.js
FNF:0
FNH:0
DA:1,0
LF:1
LH:0
BRF:0
BRH:0
end_of_record
TN:
SF:src\services\api.js
FN:5,(anonymous_0)
FN:9,(anonymous_1)
FN:34,(anonymous_2)
FN:46,(anonymous_3)
FN:50,(anonymous_4)
FN:57,(anonymous_5)
FN:64,(anonymous_6)
FN:70,(anonymous_7)
FN:76,(anonymous_8)
FN:80,(anonymous_9)
FN:87,(anonymous_10)
FNF:11
FNH:7
FNDA:1,(anonymous_0)
FNDA:9,(anonymous_1)
FNDA:2,(anonymous_2)
FNDA:0,(anonymous_3)
FNDA:1,(anonymous_4)
FNDA:1,(anonymous_5)
FNDA:1,(anonymous_6)
FNDA:1,(anonymous_7)
FNDA:0,(anonymous_8)
FNDA:0,(anonymous_9)
FNDA:0,(anonymous_10)
DA:2,1
DA:6,1
DA:10,9
DA:11,9
DA:19,9
DA:20,9
DA:22,8
DA:23,1
DA:26,7
DA:28,2
DA:29,2
DA:35,2
DA:36,2
DA:37,2
DA:38,2
DA:40,2
DA:41,2
DA:43,2
DA:47,0
DA:51,1
DA:58,1
DA:65,1
DA:71,1
DA:77,0
DA:81,0
DA:88,0
DA:93,1
LF:27
LH:23
BRDA:2,0,0,1
BRDA:2,0,1,1
BRDA:9,1,0,5
BRDA:22,2,0,1
BRDA:22,2,1,7
BRDA:34,3,0,1
BRDA:34,4,0,1
BRDA:34,5,0,1
BRDA:36,6,0,1
BRDA:36,6,1,1
BRDA:36,7,0,2
BRDA:36,7,1,2
BRDA:37,8,0,1
BRDA:37,8,1,1
BRDA:38,9,0,1
BRDA:38,9,1,1
BRDA:41,10,0,1
BRDA:41,10,1,1
BRF:18
BRH:18
end_of_record
